2025-07-10 22:29:02,743 - INFO - Starting LSTM training pipeline...
2025-07-10 22:29:02,743 - INFO - Loading dataset from: data/raw/malaysia_tourism_data.csv
2025-07-10 22:29:02,954 - INFO - Dataset info after filtering:
2025-07-10 22:29:02,956 - INFO -   Total samples: 5957
2025-07-10 22:29:02,956 - INFO -   Sentiment distribution:
2025-07-10 22:29:02,960 - INFO -     positive: 3633 (61.0%)
2025-07-10 22:29:02,960 - INFO -     neutral: 1224 (20.5%)
2025-07-10 22:29:02,960 - INFO -     negative: 1100 (18.5%)
2025-07-10 22:29:02,962 - INFO - Preprocessing 5957 content texts...
2025-07-10 22:29:55,171 - INFO - Tokenizing...
2025-07-10 22:29:56,268 - INFO - Encoding labels...
2025-07-10 22:29:56,441 - INFO - Building LSTM model...
2025-07-10 22:30:49,777 - INFO - Evaluating model...
2025-07-10 22:30:51,241 - INFO - Test Accuracy: 0.7198, Loss: 0.7390
2025-07-10 22:30:53,246 - INFO - Model saved: models/lstm/lstm_model_20250710_223051.h5
2025-07-10 22:30:53,246 - INFO - Report saved: reports/lstm_training_report_20250710_223051.json
2025-07-10 22:30:53,246 - INFO - LSTM training completed successfully!
2025-07-10 22:37:57,889 - INFO - Starting LSTM training pipeline...
2025-07-10 22:37:57,889 - INFO - Loading dataset from: data/raw/malaysia_tourism_data.csv
2025-07-10 22:37:58,063 - INFO - Dataset info after filtering:
2025-07-10 22:37:58,063 - INFO -   Total samples: 5957
2025-07-10 22:37:58,063 - INFO -   Sentiment distribution:
2025-07-10 22:37:58,063 - INFO -     positive: 3633 (61.0%)
2025-07-10 22:37:58,063 - INFO -     neutral: 1224 (20.5%)
2025-07-10 22:37:58,063 - INFO -     negative: 1100 (18.5%)
2025-07-10 22:37:58,063 - INFO - Preprocessing 5957 content texts...
2025-07-10 22:38:14,729 - INFO - Tokenizing...
2025-07-10 22:38:14,974 - INFO - Encoding labels...
2025-07-10 22:38:14,999 - INFO - Building LSTM model...
2025-07-10 22:38:51,123 - INFO - Evaluating model...
2025-07-10 22:38:52,364 - INFO - Test Accuracy: 0.7357, Loss: 0.7464
2025-07-10 22:38:53,234 - INFO - Model saved: models/lstm/lstm_model_20250710_223852.h5
2025-07-10 22:38:53,234 - INFO - Report saved: reports/lstm_training_report_20250710_223852.json
2025-07-10 22:38:53,234 - INFO - LSTM training completed successfully!
2025-07-10 23:09:35,903 - INFO - Starting LSTM training pipeline...
2025-07-10 23:09:35,904 - INFO - Loading dataset from: data/raw/malaysia_tourism_data.csv
2025-07-10 23:09:35,966 - INFO - Dataset info after filtering:
2025-07-10 23:09:35,966 - INFO -   Total samples: 5957
2025-07-10 23:09:35,966 - INFO -   Sentiment distribution:
2025-07-10 23:09:35,966 - INFO -     positive: 3633 (61.0%)
2025-07-10 23:09:35,966 - INFO -     neutral: 1224 (20.5%)
2025-07-10 23:09:35,966 - INFO -     negative: 1100 (18.5%)
2025-07-10 23:09:35,966 - INFO - Preprocessing 5957 content texts...
2025-07-10 23:09:48,423 - INFO - Tokenizing...
2025-07-10 23:09:48,631 - INFO - Encoding labels...
2025-07-10 23:09:48,653 - INFO - Building LSTM model...
2025-07-10 23:10:24,988 - INFO - Evaluating model...
2025-07-10 23:10:25,703 - INFO - Test Accuracy: 0.7290, Loss: 0.7236
2025-07-10 23:10:26,650 - INFO - Model saved: models/lstm/lstm_model_20250710_231025.h5
2025-07-10 23:10:26,650 - INFO - Report saved: reports/lstm_training_report_20250710_231025.json
2025-07-10 23:10:26,650 - INFO - LSTM training completed successfully!
2025-07-10 23:19:18,455 - INFO - Starting LSTM training pipeline...
2025-07-10 23:19:18,455 - INFO - Loading dataset from: data/raw/malaysia_tourism_data.csv
2025-07-10 23:19:18,525 - INFO - Dataset info after filtering:
2025-07-10 23:19:18,525 - INFO -   Total samples: 5957
2025-07-10 23:19:18,525 - INFO -   Sentiment distribution:
2025-07-10 23:19:18,525 - INFO -     positive: 3633 (61.0%)
2025-07-10 23:19:18,525 - INFO -     neutral: 1224 (20.5%)
2025-07-10 23:19:18,525 - INFO -     negative: 1100 (18.5%)
2025-07-10 23:19:18,525 - INFO - Preprocessing 5957 content texts...
2025-07-10 23:19:37,409 - INFO - Tokenizing...
2025-07-10 23:19:37,596 - INFO - Encoding labels...
2025-07-10 23:19:37,617 - INFO - Building LSTM model...
2025-07-10 23:20:15,129 - INFO - Evaluating model...
2025-07-10 23:20:15,770 - INFO - Test Accuracy: 0.7299, Loss: 0.7923
2025-07-10 23:20:16,668 - INFO - Model saved: models/lstm/lstm_model_20250710_232015.h5
2025-07-10 23:20:16,668 - INFO - Report saved: reports/lstm_training_report_20250710_232015.json
2025-07-10 23:20:16,668 - INFO - LSTM training completed successfully!
